<?xml version="1.0" encoding="UTF-8"?>
<testng-results ignored="0" total="1" passed="0" failed="1" skipped="0">
  <reporter-output>
  </reporter-output>
  <suite started-at="2025-05-25T19:33:09 IST" name="Default suite" finished-at="2025-05-25T19:33:22 IST" duration-ms="12611">
    <groups>
      <group name="cucumber">
        <method signature="AbstractTestNGCucumberTests.runScenario(io.cucumber.testng.PickleWrapper,io.cucumber.testng.FeatureWrapper)[pri:0, instance:runners.CuraRunner@6913c1fb]" name="runScenario" class="io.cucumber.testng.AbstractTestNGCucumberTests"/>
      </group> <!-- cucumber -->
    </groups>
    <test started-at="2025-05-25T19:33:09 IST" name="Default test" finished-at="2025-05-25T19:33:22 IST" duration-ms="12611">
      <class name="runners.CuraRunner">
        <test-method is-config="true" signature="setUpClass(org.testng.ITestContext)[pri:0, instance:runners.CuraRunner@6913c1fb]" started-at="2025-05-25T19:33:09 IST" name="setUpClass" finished-at="2025-05-25T19:33:10 IST" duration-ms="604" status="PASS">
          <params>
            <param index="0">
              <value>
                <![CDATA[org.testng.TestRunner@3a37a501]]>
              </value>
            </param>
          </params>
          <reporter-output>
          </reporter-output>
        </test-method> <!-- setUpClass -->
        <test-method signature="runScenario(io.cucumber.testng.PickleWrapper,io.cucumber.testng.FeatureWrapper)[pri:0, instance:runners.CuraRunner@6913c1fb]" started-at="2025-05-25T19:33:10 IST" name="runScenario" description="Runs Cucumber Scenarios" data-provider="scenarios" finished-at="2025-05-25T19:33:22 IST" duration-ms="11917" status="FAIL">
          <params>
            <param index="0">
              <value>
                <![CDATA["Title of your scenario"]]>
              </value>
            </param>
            <param index="1">
              <value>
                <![CDATA["Title of your feature"]]>
              </value>
            </param>
          </params>
          <exception class="java.lang.AssertionError">
            <message>
              <![CDATA[Header text does not match expected! expected [Appointment Confirmatio] but found [Appointment Confirmation]]]>
            </message>
            <full-stacktrace>
              <![CDATA[java.lang.AssertionError: Header text does not match expected! expected [Appointment Confirmatio] but found [Appointment Confirmation]
at org.testng.Assert.fail(Assert.java:111)
at org.testng.Assert.failNotEquals(Assert.java:1590)
at org.testng.Assert.assertEqualsImpl(Assert.java:150)
at org.testng.Assert.assertEquals(Assert.java:132)
at org.testng.Assert.assertEquals(Assert.java:656)
at pages.LoginPage.ConfirmMethod(LoginPage.java:102)
at stepdefinitions.CuraStepdefinition.confirmation_step(CuraStepdefinition.java:80)
at âœ½.Appointment confirmation page appears(file:///C:/Users/bhand/eclipse-automation/CuraHealth/src/test/resources/features/appointment.feature:33)
]]>
            </full-stacktrace>
          </exception> <!-- java.lang.AssertionError -->
          <reporter-output>
          </reporter-output>
        </test-method> <!-- runScenario -->
        <test-method is-config="true" signature="tearDownClass()[pri:0, instance:runners.CuraRunner@6913c1fb]" started-at="2025-05-25T19:33:22 IST" name="tearDownClass" finished-at="2025-05-25T19:33:22 IST" duration-ms="50" status="PASS">
          <reporter-output>
          </reporter-output>
        </test-method> <!-- tearDownClass -->
      </class> <!-- runners.CuraRunner -->
    </test> <!-- Default test -->
  </suite> <!-- Default suite -->
</testng-results>
